<?xml version="1.0" encoding="UTF-8" ?>
<testsuite failures="0" time="1.093" errors="0" skipped="0" tests="136" name="info.bliki.wiki.filter.TemplateParserTest">
  <properties>
    <property name="java.vendor" value="Sun Microsystems Inc."/>
    <property name="localRepository" value="C:\Dokumente und Einstellungen\Klaus.KLAUS-IBFFO1H0D\.m2\repository"/>
    <property name="sun.java.launcher" value="SUN_STANDARD"/>
    <property name="sun.management.compiler" value="HotSpot Client Compiler"/>
    <property name="env.PROMPT" value="$P$G"/>
    <property name="os.name" value="Windows XP"/>
    <property name="env.FP_NO_HOST_CHECK" value="NO"/>
    <property name="sun.boot.class.path" value="C:\Java\jdk1.6.0\jre\lib\resources.jar;C:\Java\jdk1.6.0\jre\lib\rt.jar;C:\Java\jdk1.6.0\jre\lib\sunrsasign.jar;C:\Java\jdk1.6.0\jre\lib\jsse.jar;C:\Java\jdk1.6.0\jre\lib\jce.jar;C:\Java\jdk1.6.0\jre\lib\charsets.jar;C:\Java\jdk1.6.0\jre\classes"/>
    <property name="env.COMPUTERNAME" value="KLAUS-IBFFO1H0D"/>
    <property name="env.ALLUSERSPROFILE" value="C:\Dokumente und Einstellungen\All Users.WINDOWS"/>
    <property name="sun.desktop" value="windows"/>
    <property name="java.vm.specification.vendor" value="Sun Microsystems Inc."/>
    <property name="java.runtime.version" value="1.6.0-b105"/>
    <property name="env.HOMEPATH" value="\Dokumente und Einstellungen\Klaus.KLAUS-IBFFO1H0D"/>
    <property name="user.name" value="Klaus"/>
    <property name="env.QTJAVA" value="C:\Programme\Java\jre1.6.0_03\lib\ext\QTJava.zip"/>
    <property name="user.language" value="de"/>
    <property name="sun.boot.library.path" value="C:\Java\jdk1.6.0\jre\bin"/>
    <property name="classworlds.conf" value="C:\galileo\workspace\.metadata\.plugins\org.maven.ide.eclipse\launches\m2conf5230257675802026733.tmp"/>
    <property name="java.version" value="1.6.0"/>
    <property name="env.PROCESSOR_IDENTIFIER" value="x86 Family 15 Model 2 Stepping 9, GenuineIntel"/>
    <property name="user.timezone" value="Europe/Berlin"/>
    <property name="env.asl.log" value="Destination=file;OnFirstLog=command,environment,parent"/>
    <property name="env.CLIENTNAME" value="Console"/>
    <property name="env.TEMP" value="C:\DOKUME~1\KLAUS~1.KLA\LOKALE~1\Temp"/>
    <property name="sun.arch.data.model" value="32"/>
    <property name="java.endorsed.dirs" value="C:\Java\jdk1.6.0\jre\lib\endorsed"/>
    <property name="sun.cpu.isalist" value=""/>
    <property name="env.HOMEDRIVE" value="C:"/>
    <property name="sun.jnu.encoding" value="Cp1252"/>
    <property name="file.encoding.pkg" value="sun.io"/>
    <property name="file.separator" value="\"/>
    <property name="java.specification.name" value="Java Platform API Specification"/>
    <property name="java.class.version" value="50.0"/>
    <property name="user.country" value="DE"/>
    <property name="java.home" value="C:\Java\jdk1.6.0\jre"/>
    <property name="env.APPDATA" value="C:\Dokumente und Einstellungen\Klaus.KLAUS-IBFFO1H0D\Anwendungsdaten"/>
    <property name="java.vm.info" value="mixed mode"/>
    <property name="env.ComSpec" value="C:\WINDOWS\system32\cmd.exe"/>
    <property name="env.OS" value="Windows_NT"/>
    <property name="env.CommonProgramFiles" value="C:\Programme\Gemeinsame Dateien"/>
    <property name="os.version" value="5.1"/>
    <property name="path.separator" value=";"/>
    <property name="java.vm.version" value="1.6.0-b105"/>
    <property name="user.variant" value=""/>
    <property name="env.USERPROFILE" value="C:\Dokumente und Einstellungen\Klaus.KLAUS-IBFFO1H0D"/>
    <property name="env.JAVA_HOME" value="C:\Java\jdk1.6.0\"/>
    <property name="java.awt.printerjob" value="sun.awt.windows.WPrinterJob"/>
    <property name="env.TMP" value="C:\DOKUME~1\KLAUS~1.KLA\LOKALE~1\Temp"/>
    <property name="sun.io.unicode.encoding" value="UnicodeLittle"/>
    <property name="awt.toolkit" value="sun.awt.windows.WToolkit"/>
    <property name="user.home" value="C:\Dokumente und Einstellungen\Klaus.KLAUS-IBFFO1H0D"/>
    <property name="env.SESSIONNAME" value="Console"/>
    <property name="java.specification.vendor" value="Sun Microsystems Inc."/>
    <property name="env.CLASSPATH" value=".;C:\Programme\Java\jre1.6.0_03\lib\ext\QTJava.zip"/>
    <property name="env.NUMBER_OF_PROCESSORS" value="1"/>
    <property name="java.library.path" value="C:\Java\jdk1.6.0\bin;.;C:\WINDOWS\Sun\Java\bin;C:\WINDOWS\system32;C:\WINDOWS;C:/Programme/Java/jre6/bin/client;C:/Programme/Java/jre6/bin;C:\IDE\grails-1.0\bin;C:\miktex\miktex25\miktex\bin;C:\WINDOWS\system32;C:\WINDOWS;C:\WINDOWS\System32\Wbem;C:\ATI-CPanel;C:\Programme\QuickTime\QTSystem\;C:\Python25\appengine\"/>
    <property name="java.vendor.url" value="http://java.sun.com/"/>
    <property name="java.vm.vendor" value="Sun Microsystems Inc."/>
    <property name="maven.home" value="EMBEDDED"/>
    <property name="java.runtime.name" value="Java(TM) SE Runtime Environment"/>
    <property name="java.class.path" value="/C:/galileo/eclipse/plugins/org.maven.ide.components.maven_embedder_2.1.0.20080530-2300/jars/plexus-classworlds-1.2-alpha-12.jar"/>
    <property name="java.vm.specification.name" value="Java Virtual Machine Specification"/>
    <property name="env.LOGONSERVER" value="\\KLAUS-IBFFO1H0D"/>
    <property name="env.windir" value="C:\WINDOWS"/>
    <property name="java.vm.specification.version" value="1.0"/>
    <property name="env.PROCESSOR_ARCHITECTURE" value="x86"/>
    <property name="m2eclipse.workspace.state" value="C:\galileo\workspace\.metadata\.plugins\org.maven.ide.eclipse\workspacestate.properties"/>
    <property name="sun.cpu.endian" value="little"/>
    <property name="sun.os.patch.level" value="Service Pack 3"/>
    <property name="env.ProgramFiles" value="C:\Programme"/>
    <property name="surefire.test.class.path" value="C:\galileo\workspace\info.bliki.wiki\bliki-core\target\test-classes;C:\galileo\workspace\info.bliki.wiki\bliki-core\target\classes;C:\Dokumente und Einstellungen\Klaus.KLAUS-IBFFO1H0D\.m2\repository\commons-httpclient\commons-httpclient\3.1\commons-httpclient-3.1.jar;C:\Dokumente und Einstellungen\Klaus.KLAUS-IBFFO1H0D\.m2\repository\commons-logging\commons-logging\1.0.4\commons-logging-1.0.4.jar;C:\Dokumente und Einstellungen\Klaus.KLAUS-IBFFO1H0D\.m2\repository\commons-codec\commons-codec\1.2\commons-codec-1.2.jar;C:\Dokumente und Einstellungen\Klaus.KLAUS-IBFFO1H0D\.m2\repository\junit\junit\4.5\junit-4.5.jar;C:\Dokumente und Einstellungen\Klaus.KLAUS-IBFFO1H0D\.m2\repository\org\apache\commons\commons-compress\1.4.1\commons-compress-1.4.1.jar;C:\Dokumente und Einstellungen\Klaus.KLAUS-IBFFO1H0D\.m2\repository\org\tukaani\xz\1.0\xz-1.0.jar;"/>
    <property name="java.io.tmpdir" value="C:\DOKUME~1\KLAUS~1.KLA\LOKALE~1\Temp\"/>
    <property name="env.PROCESSOR_REVISION" value="0209"/>
    <property name="java.vendor.url.bug" value="http://java.sun.com/cgi-bin/bugreport.cgi"/>
    <property name="env.SystemRoot" value="C:\WINDOWS"/>
    <property name="java.awt.graphicsenv" value="sun.awt.Win32GraphicsEnvironment"/>
    <property name="os.arch" value="x86"/>
    <property name="java.ext.dirs" value="C:\Java\jdk1.6.0\jre\lib\ext;C:\WINDOWS\Sun\Java\lib\ext"/>
    <property name="user.dir" value="C:\galileo\workspace\info.bliki.wiki\bliki-core"/>
    <property name="line.separator" value="
"/>
    <property name="java.vm.name" value="Java HotSpot(TM) Client VM"/>
    <property name="env.PATHEXT" value=".COM;.EXE;.BAT;.CMD;.VBS;.VBE;.JS;.JSE;.WSF;.WSH"/>
    <property name="env.Path" value="C:/Programme/Java/jre6/bin/client;C:/Programme/Java/jre6/bin;C:\IDE\grails-1.0\bin;C:\miktex\miktex25\miktex\bin;C:\WINDOWS\system32;C:\WINDOWS;C:\WINDOWS\System32\Wbem;C:\ATI-CPanel;C:\Programme\QuickTime\QTSystem\;C:\Python25\appengine\"/>
    <property name="basedir" value="C:\galileo\workspace\info.bliki.wiki\bliki-core"/>
    <property name="maven.mode.standalone" value="true"/>
    <property name="env.USERNAME" value="Klaus"/>
    <property name="env.SystemDrive" value="C:"/>
    <property name="file.encoding" value="Cp1252"/>
    <property name="env.GRAILS_HOME" value="C:\IDE\grails-1.0"/>
    <property name="env.USERDOMAIN" value="KLAUS-IBFFO1H0D"/>
    <property name="java.specification.version" value="1.6"/>
    <property name="env.PROCESSOR_LEVEL" value="15"/>
  </properties>
  <testcase time="0.015" classname="info.bliki.wiki.filter.TemplateParserTest" name="test001"/>
  <testcase time="0" classname="info.bliki.wiki.filter.TemplateParserTest" name="test002"/>
  <testcase time="0.016" classname="info.bliki.wiki.filter.TemplateParserTest" name="test003"/>
  <testcase time="0" classname="info.bliki.wiki.filter.TemplateParserTest" name="testTemplate06"/>
  <testcase time="0" classname="info.bliki.wiki.filter.TemplateParserTest" name="testTemplateCall3"/>
  <testcase time="0" classname="info.bliki.wiki.filter.TemplateParserTest" name="testSwitch001"/>
  <testcase time="0" classname="info.bliki.wiki.filter.TemplateParserTest" name="testNonExistentTemplate"/>
  <testcase time="0" classname="info.bliki.wiki.filter.TemplateParserTest" name="testTemplateCall1"/>
  <testcase time="0" classname="info.bliki.wiki.filter.TemplateParserTest" name="testTemplateCall2"/>
  <testcase time="0" classname="info.bliki.wiki.filter.TemplateParserTest" name="testTemplateCall4"/>
  <testcase time="0" classname="info.bliki.wiki.filter.TemplateParserTest" name="testTemplateCall5"/>
  <testcase time="0" classname="info.bliki.wiki.filter.TemplateParserTest" name="testTemplateImage1"/>
  <testcase time="0" classname="info.bliki.wiki.filter.TemplateParserTest" name="testTemplateParameter01"/>
  <testcase time="0.016" classname="info.bliki.wiki.filter.TemplateParserTest" name="testTemplateParameter02"/>
  <testcase time="0" classname="info.bliki.wiki.filter.TemplateParserTest" name="testTemplateParameter03"/>
  <testcase time="0" classname="info.bliki.wiki.filter.TemplateParserTest" name="testTemplate07"/>
  <testcase time="0" classname="info.bliki.wiki.filter.TemplateParserTest" name="testNestedIf02"/>
  <testcase time="0.015" classname="info.bliki.wiki.filter.TemplateParserTest" name="testPipe001a"/>
  <testcase time="0" classname="info.bliki.wiki.filter.TemplateParserTest" name="testPipe001"/>
  <testcase time="0" classname="info.bliki.wiki.filter.TemplateParserTest" name="testPipe002"/>
  <testcase time="0" classname="info.bliki.wiki.filter.TemplateParserTest" name="testPipe003"/>
  <testcase time="0" classname="info.bliki.wiki.filter.TemplateParserTest" name="testInvalidNoinclude"/>
  <testcase time="0.016" classname="info.bliki.wiki.filter.TemplateParserTest" name="testInvalidIncludeonly"/>
  <testcase time="0" classname="info.bliki.wiki.filter.TemplateParserTest" name="testInvalidOnlyinclude"/>
  <testcase time="0.016" classname="info.bliki.wiki.filter.TemplateParserTest" name="testMONTHNAME"/>
  <testcase time="0.015" classname="info.bliki.wiki.filter.TemplateParserTest" name="testMONTHNUMBER"/>
  <testcase time="0" classname="info.bliki.wiki.filter.TemplateParserTest" name="testIssue77_001"/>
  <testcase time="0.016" classname="info.bliki.wiki.filter.TemplateParserTest" name="testIssue77_002"/>
  <testcase time="0" classname="info.bliki.wiki.filter.TemplateParserTest" name="testIssue82_001"/>
  <testcase time="0" classname="info.bliki.wiki.filter.TemplateParserTest" name="testIssue82_002"/>
  <testcase time="0.016" classname="info.bliki.wiki.filter.TemplateParserTest" name="testIssue82_003"/>
  <testcase time="0.015" classname="info.bliki.wiki.filter.TemplateParserTest" name="testTemplateMain"/>
  <testcase time="0.016" classname="info.bliki.wiki.filter.TemplateParserTest" name="testTemplateSeeAlso"/>
  <testcase time="0.156" classname="info.bliki.wiki.filter.TemplateParserTest" name="testTemplateNavbox"/>
  <testcase time="0.016" classname="info.bliki.wiki.filter.TemplateParserTest" name="testTemplateNavbar"/>
  <testcase time="0.015" classname="info.bliki.wiki.filter.TemplateParserTest" name="testSortnameDemo001"/>
  <testcase time="0" classname="info.bliki.wiki.filter.TemplateParserTest" name="testNoincludeDemo001"/>
  <testcase time="0" classname="info.bliki.wiki.filter.TemplateParserTest" name="testNoincludeDemo002"/>
  <testcase time="0" classname="info.bliki.wiki.filter.TemplateParserTest" name="testOnlyicludeDemo001"/>
  <testcase time="0.016" classname="info.bliki.wiki.filter.TemplateParserTest" name="testOnlyicludeDemo002"/>
  <testcase time="0" classname="info.bliki.wiki.filter.TemplateParserTest" name="testOnlyicludeDemo003"/>
  <testcase time="0" classname="info.bliki.wiki.filter.TemplateParserTest" name="testOnlyicludeDemo004"/>
  <testcase time="0" classname="info.bliki.wiki.filter.TemplateParserTest" name="testInclude"/>
  <testcase time="0" classname="info.bliki.wiki.filter.TemplateParserTest" name="testInclude2"/>
  <testcase time="0" classname="info.bliki.wiki.filter.TemplateParserTest" name="testInclude3"/>
  <testcase time="0" classname="info.bliki.wiki.filter.TemplateParserTest" name="testInclude4"/>
  <testcase time="0.015" classname="info.bliki.wiki.filter.TemplateParserTest" name="test00"/>
  <testcase time="0.016" classname="info.bliki.wiki.filter.TemplateParserTest" name="test000"/>
  <testcase time="0.015" classname="info.bliki.wiki.filter.TemplateParserTest" name="test004"/>
  <testcase time="0.032" classname="info.bliki.wiki.filter.TemplateParserTest" name="test005"/>
  <testcase time="0.015" classname="info.bliki.wiki.filter.TemplateParserTest" name="test006"/>
  <testcase time="0.016" classname="info.bliki.wiki.filter.TemplateParserTest" name="test010"/>
  <testcase time="0" classname="info.bliki.wiki.filter.TemplateParserTest" name="testIf00"/>
  <testcase time="0" classname="info.bliki.wiki.filter.TemplateParserTest" name="testIf01"/>
  <testcase time="0" classname="info.bliki.wiki.filter.TemplateParserTest" name="testIf02"/>
  <testcase time="0" classname="info.bliki.wiki.filter.TemplateParserTest" name="testIf03"/>
  <testcase time="0" classname="info.bliki.wiki.filter.TemplateParserTest" name="testIf04"/>
  <testcase time="0" classname="info.bliki.wiki.filter.TemplateParserTest" name="testIfeq01"/>
  <testcase time="0" classname="info.bliki.wiki.filter.TemplateParserTest" name="testIfeq02"/>
  <testcase time="0" classname="info.bliki.wiki.filter.TemplateParserTest" name="testIfeq03"/>
  <testcase time="0" classname="info.bliki.wiki.filter.TemplateParserTest" name="testIf05"/>
  <testcase time="0" classname="info.bliki.wiki.filter.TemplateParserTest" name="testIf06"/>
  <testcase time="0" classname="info.bliki.wiki.filter.TemplateParserTest" name="testIfexpr01"/>
  <testcase time="0" classname="info.bliki.wiki.filter.TemplateParserTest" name="testIfexpr02"/>
  <testcase time="0.015" classname="info.bliki.wiki.filter.TemplateParserTest" name="testIfexpr03"/>
  <testcase time="0" classname="info.bliki.wiki.filter.TemplateParserTest" name="testBORN_DATA"/>
  <testcase time="0.016" classname="info.bliki.wiki.filter.TemplateParserTest" name="testAnarchismSidebar"/>
  <testcase time="0" classname="info.bliki.wiki.filter.TemplateParserTest" name="testTemplateParameter04"/>
  <testcase time="0" classname="info.bliki.wiki.filter.TemplateParserTest" name="testTemplateParameter05"/>
  <testcase time="0" classname="info.bliki.wiki.filter.TemplateParserTest" name="testNestedTemplate"/>
  <testcase time="0.25" classname="info.bliki.wiki.filter.TemplateParserTest" name="testEndlessRecursion"/>
  <testcase time="0.016" classname="info.bliki.wiki.filter.TemplateParserTest" name="testNestedIf01"/>
  <testcase time="0" classname="info.bliki.wiki.filter.TemplateParserTest" name="testNestedIf03"/>
  <testcase time="0" classname="info.bliki.wiki.filter.TemplateParserTest" name="testNestedIf04"/>
  <testcase time="0" classname="info.bliki.wiki.filter.TemplateParserTest" name="testSwitch002"/>
  <testcase time="0.016" classname="info.bliki.wiki.filter.TemplateParserTest" name="testSwitch003"/>
  <testcase time="0" classname="info.bliki.wiki.filter.TemplateParserTest" name="testSwitch004"/>
  <testcase time="0" classname="info.bliki.wiki.filter.TemplateParserTest" name="testSwitch005"/>
  <testcase time="0" classname="info.bliki.wiki.filter.TemplateParserTest" name="testSwitch006"/>
  <testcase time="0" classname="info.bliki.wiki.filter.TemplateParserTest" name="testSwitch007"/>
  <testcase time="0" classname="info.bliki.wiki.filter.TemplateParserTest" name="testSwitch008"/>
  <testcase time="0.015" classname="info.bliki.wiki.filter.TemplateParserTest" name="testSwitch009"/>
  <testcase time="0" classname="info.bliki.wiki.filter.TemplateParserTest" name="testSwitch010"/>
  <testcase time="0" classname="info.bliki.wiki.filter.TemplateParserTest" name="testExpr001"/>
  <testcase time="0.016" classname="info.bliki.wiki.filter.TemplateParserTest" name="testExpr002"/>
  <testcase time="0" classname="info.bliki.wiki.filter.TemplateParserTest" name="testExpr003"/>
  <testcase time="0" classname="info.bliki.wiki.filter.TemplateParserTest" name="testExpr004"/>
  <testcase time="0" classname="info.bliki.wiki.filter.TemplateParserTest" name="testExpr005"/>
  <testcase time="0" classname="info.bliki.wiki.filter.TemplateParserTest" name="testExpr006"/>
  <testcase time="0" classname="info.bliki.wiki.filter.TemplateParserTest" name="testExpr007"/>
  <testcase time="0.016" classname="info.bliki.wiki.filter.TemplateParserTest" name="testExpr008"/>
  <testcase time="0" classname="info.bliki.wiki.filter.TemplateParserTest" name="testExpr009"/>
  <testcase time="0" classname="info.bliki.wiki.filter.TemplateParserTest" name="testExpr010"/>
  <testcase time="0" classname="info.bliki.wiki.filter.TemplateParserTest" name="testExpr011"/>
  <testcase time="0" classname="info.bliki.wiki.filter.TemplateParserTest" name="testExpr012"/>
  <testcase time="0.015" classname="info.bliki.wiki.filter.TemplateParserTest" name="testExpr013"/>
  <testcase time="0" classname="info.bliki.wiki.filter.TemplateParserTest" name="testExpr014"/>
  <testcase time="0.016" classname="info.bliki.wiki.filter.TemplateParserTest" name="testFormatnum001"/>
  <testcase time="0" classname="info.bliki.wiki.filter.TemplateParserTest" name="testFormatnum002"/>
  <testcase time="0" classname="info.bliki.wiki.filter.TemplateParserTest" name="testPlural001"/>
  <testcase time="0.015" classname="info.bliki.wiki.filter.TemplateParserTest" name="testExpr015"/>
  <testcase time="0" classname="info.bliki.wiki.filter.TemplateParserTest" name="testExpr016"/>
  <testcase time="0.016" classname="info.bliki.wiki.filter.TemplateParserTest" name="testExpr017"/>
  <testcase time="0" classname="info.bliki.wiki.filter.TemplateParserTest" name="testExpr018"/>
  <testcase time="0" classname="info.bliki.wiki.filter.TemplateParserTest" name="testExpr019"/>
  <testcase time="0" classname="info.bliki.wiki.filter.TemplateParserTest" name="testExpr020"/>
  <testcase time="0.015" classname="info.bliki.wiki.filter.TemplateParserTest" name="testNS001"/>
  <testcase time="0" classname="info.bliki.wiki.filter.TemplateParserTest" name="testNAMESPACE001"/>
  <testcase time="0" classname="info.bliki.wiki.filter.TemplateParserTest" name="testURLEncode001"/>
  <testcase time="0.016" classname="info.bliki.wiki.filter.TemplateParserTest" name="testPadleft001"/>
  <testcase time="0" classname="info.bliki.wiki.filter.TemplateParserTest" name="testPadright001"/>
  <testcase time="0" classname="info.bliki.wiki.filter.TemplateParserTest" name="testTime001"/>
  <testcase time="0" classname="info.bliki.wiki.filter.TemplateParserTest" name="testTag001"/>
  <testcase time="0" classname="info.bliki.wiki.filter.TemplateParserTest" name="testMagicCURRENTYEAR"/>
  <testcase time="0.016" classname="info.bliki.wiki.filter.TemplateParserTest" name="testMagicPAGENAME01"/>
  <testcase time="0" classname="info.bliki.wiki.filter.TemplateParserTest" name="testMagicPAGENAME02"/>
  <testcase time="0" classname="info.bliki.wiki.filter.TemplateParserTest" name="testMagicTALKPAGENAME01"/>
  <testcase time="0.015" classname="info.bliki.wiki.filter.TemplateParserTest" name="testMagicTALKPAGENAME02"/>
  <testcase time="0" classname="info.bliki.wiki.filter.TemplateParserTest" name="testMagicTALKPAGENAME03"/>
  <testcase time="0" classname="info.bliki.wiki.filter.TemplateParserTest" name="testTemplateSwitch"/>
  <testcase time="0" classname="info.bliki.wiki.filter.TemplateParserTest" name="testTitleparts000"/>
  <testcase time="0" classname="info.bliki.wiki.filter.TemplateParserTest" name="testTitleparts001"/>
  <testcase time="0" classname="info.bliki.wiki.filter.TemplateParserTest" name="testTitleparts002"/>
  <testcase time="0.016" classname="info.bliki.wiki.filter.TemplateParserTest" name="testTitleparts003"/>
  <testcase time="0" classname="info.bliki.wiki.filter.TemplateParserTest" name="testTitleparts004"/>
  <testcase time="0" classname="info.bliki.wiki.filter.TemplateParserTest" name="testTitleparts005"/>
  <testcase time="0" classname="info.bliki.wiki.filter.TemplateParserTest" name="testTitleparts006"/>
  <testcase time="0" classname="info.bliki.wiki.filter.TemplateParserTest" name="testTitleparts007"/>
  <testcase time="0" classname="info.bliki.wiki.filter.TemplateParserTest" name="testTitleparts008"/>
  <testcase time="0" classname="info.bliki.wiki.filter.TemplateParserTest" name="testTitleparts06"/>
  <testcase time="0.015" classname="info.bliki.wiki.filter.TemplateParserTest" name="testTitleparts07"/>
  <testcase time="0" classname="info.bliki.wiki.filter.TemplateParserTest" name="testTitleparts08"/>
  <testcase time="0" classname="info.bliki.wiki.filter.TemplateParserTest" name="testTitleparts09"/>
  <testcase time="0" classname="info.bliki.wiki.filter.TemplateParserTest" name="testIssue81_001"/>
  <testcase time="0" classname="info.bliki.wiki.filter.TemplateParserTest" name="testIssue81_002"/>
  <testcase time="0" classname="info.bliki.wiki.filter.TemplateParserTest" name="testIssue82_004"/>
</testsuite>